Log file open, 11/09/19 01:30:07
LogWindows: Failed to load 'aqProf.dll' (GetLastError=126)
LogWindows: File 'aqProf.dll' does not exist
LogWindows: Failed to load 'VtuneApi.dll' (GetLastError=126)
LogWindows: File 'VtuneApi.dll' does not exist
LogWindows: Failed to load 'VtuneApi32e.dll' (GetLastError=126)
LogWindows: File 'VtuneApi32e.dll' does not exist
LogConsoleResponse: Display: Failed to find resolution value strings in scalability ini. Falling back to default.
LogInit: Display: Running engine for game: Evolvica_ThP
LogPlatformFile: Not using cached read wrapper
LogTaskGraph: Started task graph with 5 named threads and 11 total threads with 3 sets of task threads.
LogStats: Stats thread started at 0.092543
LogD3D11RHI: Loaded GFSDK_Aftermath_Lib.x64.dll
LogICUInternationalization: ICU TimeZone Detection - Raw Offset: +3:00, Platform Override: ''
LogPluginManager: Mounting plugin Paper2D
LogPluginManager: Mounting plugin AISupport
LogPluginManager: Mounting plugin LightPropagationVolume
LogPluginManager: Mounting plugin ActorLayerUtilities
LogPluginManager: Mounting plugin AnimationSharing
LogPluginManager: Mounting plugin CLionSourceCodeAccess
LogPluginManager: Mounting plugin CodeLiteSourceCodeAccess
LogPluginManager: Mounting plugin GitSourceControl
LogPluginManager: Mounting plugin KDevelopSourceCodeAccess
LogPluginManager: Mounting plugin NullSourceCodeAccess
LogPluginManager: Mounting plugin PerforceSourceControl
LogPluginManager: Mounting plugin SubversionSourceControl
LogPluginManager: Mounting plugin UObjectPlugin
LogPluginManager: Mounting plugin VisualStudioCodeSourceCodeAccess
LogPluginManager: Mounting plugin VisualStudioSourceCodeAccess
LogPluginManager: Mounting plugin XCodeSourceCodeAccess
LogPluginManager: Mounting plugin AssetManagerEditor
LogPluginManager: Mounting plugin CryptoKeys
LogPluginManager: Mounting plugin CurveEditorTools
LogPluginManager: Mounting plugin DataValidation
LogPluginManager: Mounting plugin FacialAnimation
LogPluginManager: Mounting plugin GameplayTagsEditor
LogPluginManager: Mounting plugin MacGraphicsSwitching
LogPluginManager: Mounting plugin MaterialAnalyzer
LogPluginManager: Mounting plugin MobileLauncherProfileWizard
LogPluginManager: Mounting plugin PluginBrowser
LogPluginManager: Mounting plugin SpeedTreeImporter
LogPluginManager: Mounting plugin DatasmithContent
LogPluginManager: Mounting plugin VariantManagerContent
LogPluginManager: Mounting plugin AlembicImporter
LogPluginManager: Mounting plugin AutomationUtils
LogPluginManager: Mounting plugin BackChannel
LogPluginManager: Mounting plugin CharacterAI
LogPluginManager: Mounting plugin GeometryCache
LogPluginManager: Mounting plugin HTML5Networking
LogPluginManager: Mounting plugin PlatformCrypto
LogPluginManager: Mounting plugin ProxyLODPlugin
LogPluginManager: Mounting plugin SkeletalReduction
LogPluginManager: Mounting plugin MagicLeap
LogPluginManager: Mounting plugin MagicLeapMedia
LogPluginManager: Mounting plugin AndroidMedia
LogPluginManager: Mounting plugin AvfMedia
LogPluginManager: Mounting plugin ImgMedia
LogPluginManager: Mounting plugin MediaCompositing
LogPluginManager: Mounting plugin MediaPlayerEditor
LogPluginManager: Mounting plugin WebMMedia
LogPluginManager: Mounting plugin WmfMedia
LogPluginManager: Mounting plugin TcpMessaging
LogPluginManager: Mounting plugin UdpMessaging
LogPluginManager: Mounting plugin ActorSequence
LogPluginManager: Mounting plugin LevelSequenceEditor
LogPluginManager: Mounting plugin MatineeToLevelSequence
LogPluginManager: Mounting plugin NetcodeUnitTest
LogPluginManager: Mounting plugin NUTUnrealEngine4
LogPluginManager: Mounting plugin OnlineSubsystemGooglePlay
LogPluginManager: Mounting plugin OnlineSubsystemIOS
LogPluginManager: Mounting plugin OnlineSubsystem
LogPluginManager: Mounting plugin OnlineSubsystemNull
LogPluginManager: Mounting plugin OnlineSubsystemUtils
LogPluginManager: Mounting plugin LauncherChunkInstaller
LogPluginManager: Mounting plugin AndroidDeviceProfileSelector
LogPluginManager: Mounting plugin AndroidMoviePlayer
LogPluginManager: Mounting plugin AndroidPermission
LogPluginManager: Mounting plugin AppleImageUtils
LogPluginManager: Mounting plugin AppleMoviePlayer
LogPluginManager: Mounting plugin ArchVisCharacter
LogPluginManager: Mounting plugin AudioCapture
LogPluginManager: Mounting plugin CableComponent
LogPluginManager: Mounting plugin CustomMeshComponent
LogPluginManager: Mounting plugin EditableMesh
LogPluginManager: Mounting plugin ExampleDeviceProfileSelector
LogPluginManager: Mounting plugin GoogleCloudMessaging
LogPluginManager: Mounting plugin IOSDeviceProfileSelector
LogPluginManager: Mounting plugin LinuxDeviceProfileSelector
LogPluginManager: Mounting plugin LocationServicesBPLibrary
LogPluginManager: Mounting plugin MobilePatchingUtils
LogPluginManager: Mounting plugin OculusVR
LogPluginManager: Mounting plugin PhysXVehicles
LogPluginManager: Mounting plugin ProceduralMeshComponent
LogPluginManager: Mounting plugin RuntimePhysXCooking
LogPluginManager: Mounting plugin SignificanceManager
LogPluginManager: Mounting plugin SteamVR
LogPluginManager: Mounting plugin WebMMoviePlayer
LogPluginManager: Mounting plugin WindowsMoviePlayer
LogPluginManager: Mounting plugin ScreenshotTools
LogInit: Using libcurl 7.55.1-DEV
LogInit:  - built for x86_64-pc-win32
LogInit:  - supports SSL with OpenSSL/1.1.1
LogInit:  - supports HTTP deflate (compression) using libz 1.2.8
LogInit:  - other features:
LogInit:      CURL_VERSION_SSL
LogInit:      CURL_VERSION_LIBZ
LogInit:      CURL_VERSION_IPV6
LogInit:      CURL_VERSION_ASYNCHDNS
LogInit:      CURL_VERSION_LARGEFILE
LogInit:      CURL_VERSION_IDN
LogInit:  CurlRequestOptions (configurable via config and command line):
LogInit:  - bVerifyPeer = true  - Libcurl will verify peer certificate
LogInit:  - bUseHttpProxy = false  - Libcurl will NOT use HTTP proxy
LogInit:  - bDontReuseConnections = false  - Libcurl will reuse connections
LogInit:  - MaxHostConnections = 16  - Libcurl will limit the number of connections to a host
LogInit:  - LocalHostAddr = Default
LogInit:  - BufferSize = 65536
LogOnline: OSS: Creating online subsystem instance for: NULL
LogInit: WinSock: version 1.1 (2.2), MaxSocks=32767, MaxUdp=65467
LogInit: Build: ++UE4+Release-4.23-CL-9631420
LogInit: Engine Version: 4.23.1-9631420+++UE4+Release-4.23
LogInit: Compatible Engine Version: 4.23.0-8386587+++UE4+Release-4.23
LogInit: Net CL: 8386587
LogInit: OS: Windows 10 (Release 1809) (), CPU: Intel(R) Core(TM) i7-7500U CPU @ 2.70GHz, GPU: zxcvIntel(R) HD Graphics 620
LogInit: Compiled (64-bit): Oct 18 2019 02:07:44
LogInit: Compiled with Visual C++: 19.16.27030.01
LogInit: Build Configuration: Development
LogInit: Branch Name: ++UE4+Release-4.23
LogInit: Command Line:  /Game/Maps/ThirdPersonExampleMap -game -PIEVIACONSOLE -ResX=1280 -ResY=720 -Multiprocess -messaging -SessionName="Play in Standalone Game" -featureleveles2 -faketouches -MultiprocessSaveConfig -windowed
LogInit: Base Directory: D:/Epic Games/UE_4.23/Engine/Binaries/Win64/
LogInit: Installed Engine Build: 1
LogDevObjectVersion: Number of dev versions registered: 23
LogDevObjectVersion:   Dev-Blueprints (B0D832E4-1F89-4F0D-ACCF-7EB736FD4AA2): 10
LogDevObjectVersion:   Dev-Build (E1C64328-A22C-4D53-A36C-8E866417BD8C): 0
LogDevObjectVersion:   Dev-Core (375EC13C-06E4-48FB-B500-84F0262A717E): 3
LogDevObjectVersion:   Dev-Editor (E4B068ED-F494-42E9-A231-DA0B2E46BB41): 34
LogDevObjectVersion:   Dev-Framework (CFFC743F-43B0-4480-9391-14DF171D2073): 35
LogDevObjectVersion:   Dev-Mobile (B02B49B5-BB20-44E9-A304-32B752E40360): 2
LogDevObjectVersion:   Dev-Networking (A4E4105C-59A1-49B5-A7C5-40C4547EDFEE): 0
LogDevObjectVersion:   Dev-Online (39C831C9-5AE6-47DC-9A44-9C173E1C8E7C): 0
LogDevObjectVersion:   Dev-Physics (78F01B33-EBEA-4F98-B9B4-84EACCB95AA2): 0
LogDevObjectVersion:   Dev-Platform (6631380F-2D4D-43E0-8009-CF276956A95A): 0
LogDevObjectVersion:   Dev-Rendering (12F88B9F-8875-4AFC-A67C-D90C383ABD29): 31
LogDevObjectVersion:   Dev-Sequencer (7B5AE74C-D270-4C10-A958-57980B212A5A): 11
LogDevObjectVersion:   Dev-VR (D7296918-1DD6-4BDD-9DE2-64A83CC13884): 2
LogDevObjectVersion:   Dev-LoadTimes (C2A15278-BFE7-4AFE-6C17-90FF531DF755): 1
LogDevObjectVersion:   Private-Geometry (6EACA3D4-40EC-4CC1-B786-8BED09428FC5): 3
LogDevObjectVersion:   Dev-AnimPhys (29E575DD-E0A3-4627-9D10-D276232CDCEA): 17
LogDevObjectVersion:   Dev-Anim (AF43A65D-7FD3-4947-9873-3E8ED9C1BB05): 2
LogDevObjectVersion:   Dev-ReflectionCapture (6B266CEC-1EC7-4B8F-A30B-E4D90942FC07): 1
LogDevObjectVersion:   Dev-Automation (0DF73D61-A23F-47EA-B727-89E90C41499A): 1
LogDevObjectVersion:   FortniteMain (601D1886-AC64-4F84-AA16-D3DE0DEAC7D6): 27
LogDevObjectVersion:   Dev-Enterprise (9DFFBCD6-494F-0158-E221-12823C92A888): 6
LogDevObjectVersion:   Dev-Niagara (F2AED0AC-9AFE-416F-8664-AA7FFA26D6FC): 1
LogDevObjectVersion:   Dev-Destruction (174F1F0B-B4C6-45A5-B13F-2EE8D0FB917D): 9
LogInit: Presizing for max 16777216 objects, including 0 objects not considered by GC, pre-allocating 0 bytes for permanent pool.
LogInit: Object subsystem initialized
LogConfig: Setting CVar [[con.DebugEarlyDefault:1]]
LogConfig: Setting CVar [[r.setres:1280x720]]
[2019.11.08-22.30.09:062][  0]LogConfig: Setting CVar [[con.DebugEarlyDefault:1]]
[2019.11.08-22.30.09:062][  0]LogConfig: Setting CVar [[r.setres:1280x720]]
[2019.11.08-22.30.09:062][  0]LogConfig: Applying CVar settings from Section [/Script/Engine.RendererSettings] File [D:/Epic Games/Projects_hope_this_will_work/Evolvica_ThP/Saved/Config/Windows/Engine.ini]
[2019.11.08-22.30.09:062][  0]LogConfig: Setting CVar [[r.GPUCrashDebugging:0]]
[2019.11.08-22.30.09:062][  0]LogConfig: Setting CVar [[r.MobileHDR:1]]
[2019.11.08-22.30.09:062][  0]LogConfig: Setting CVar [[r.Mobile.DisableVertexFog:1]]
[2019.11.08-22.30.09:062][  0]LogConfig: Setting CVar [[r.Shadow.CSM.MaxMobileCascades:2]]
[2019.11.08-22.30.09:062][  0]LogConfig: Setting CVar [[r.MobileMSAA:1]]
[2019.11.08-22.30.09:062][  0]LogConfig: Setting CVar [[r.Mobile.UseLegacyShadingModel:0]]
[2019.11.08-22.30.09:062][  0]LogConfig: Setting CVar [[r.Mobile.UseHWsRGBEncoding:0]]
[2019.11.08-22.30.09:062][  0]LogConfig: Setting CVar [[r.Mobile.AllowDitheredLODTransition:0]]
[2019.11.08-22.30.09:062][  0]LogConfig: Setting CVar [[r.Mobile.AllowSoftwareOcclusion:0]]
[2019.11.08-22.30.09:062][  0]LogConfig: Setting CVar [[r.DiscardUnusedQuality:0]]
[2019.11.08-22.30.09:062][  0]LogConfig: Setting CVar [[r.AllowOcclusionQueries:1]]
[2019.11.08-22.30.09:062][  0]LogConfig: Setting CVar [[r.MinScreenRadiusForLights:0.030000]]
[2019.11.08-22.30.09:062][  0]LogConfig: Setting CVar [[r.MinScreenRadiusForDepthPrepass:0.030000]]
[2019.11.08-22.30.09:062][  0]LogConfig: Setting CVar [[r.MinScreenRadiusForCSMDepth:0.010000]]
[2019.11.08-22.30.09:062][  0]LogConfig: Setting CVar [[r.PrecomputedVisibilityWarning:0]]
[2019.11.08-22.30.09:062][  0]LogConfig: Setting CVar [[r.TextureStreaming:1]]
[2019.11.08-22.30.09:062][  0]LogConfig: Setting CVar [[Compat.UseDXT5NormalMaps:0]]
[2019.11.08-22.30.09:062][  0]LogConfig: Setting CVar [[r.VirtualTextures:0]]
[2019.11.08-22.30.09:062][  0]LogConfig: Setting CVar [[r.VirtualTexturedLightmaps:0]]
[2019.11.08-22.30.09:062][  0]LogConfig: Setting CVar [[r.VT.TileSize:128]]
[2019.11.08-22.30.09:063][  0]LogConfig: Setting CVar [[r.VT.TileBorderSize:4]]
[2019.11.08-22.30.09:063][  0]LogConfig: Setting CVar [[r.vt.FeedbackFactor:16]]
[2019.11.08-22.30.09:063][  0]LogConfig: Setting CVar [[r.VT.EnableCompressZlib:1]]
[2019.11.08-22.30.09:063][  0]LogConfig: Setting CVar [[r.VT.EnableCompressCrunch:0]]
[2019.11.08-22.30.09:063][  0]LogConfig: Setting CVar [[r.ClearCoatNormal:0]]
[2019.11.08-22.30.09:063][  0]LogConfig: Setting CVar [[r.ReflectionCaptureResolution:128]]
[2019.11.08-22.30.09:063][  0]LogConfig: Setting CVar [[r.ReflectionEnvironmentLightmapMixBasedOnRoughness:1]]
[2019.11.08-22.30.09:063][  0]LogConfig: Setting CVar [[r.ForwardShading:0]]
[2019.11.08-22.30.09:063][  0]LogConfig: Setting CVar [[r.VertexFoggingForOpaque:1]]
[2019.11.08-22.30.09:063][  0]LogConfig: Setting CVar [[r.AllowStaticLighting:1]]
[2019.11.08-22.30.09:063][  0]LogConfig: Setting CVar [[r.NormalMapsForStaticLighting:0]]
[2019.11.08-22.30.09:063][  0]LogConfig: Setting CVar [[r.GenerateMeshDistanceFields:0]]
[2019.11.08-22.30.09:063][  0]LogConfig: Setting CVar [[r.DistanceFieldBuild.EightBit:0]]
[2019.11.08-22.30.09:063][  0]LogConfig: Setting CVar [[r.GenerateLandscapeGIData:0]]
[2019.11.08-22.30.09:063][  0]LogConfig: Setting CVar [[r.DistanceFieldBuild.Compress:0]]
[2019.11.08-22.30.09:063][  0]LogConfig: Setting CVar [[r.TessellationAdaptivePixelsPerTriangle:48.000000]]
[2019.11.08-22.30.09:063][  0]LogConfig: Setting CVar [[r.SeparateTranslucency:0]]
[2019.11.08-22.30.09:063][  0]LogConfig: Setting CVar [[r.TranslucentSortPolicy:0]]
[2019.11.08-22.30.09:063][  0]LogConfig: Setting CVar [[r.CustomDepth:1]]
[2019.11.08-22.30.09:063][  0]LogConfig: Setting CVar [[r.CustomDepthTemporalAAJitter:1]]
[2019.11.08-22.30.09:063][  0]LogConfig: Setting CVar [[r.PostProcessing.PropagateAlpha:0]]
[2019.11.08-22.30.09:063][  0]LogConfig: Setting CVar [[r.DefaultFeature.Bloom:1]]
[2019.11.08-22.30.09:063][  0]LogConfig: Setting CVar [[r.DefaultFeature.AmbientOcclusion:0]]
[2019.11.08-22.30.09:063][  0]LogConfig: Setting CVar [[r.DefaultFeature.AmbientOcclusionStaticFraction:1]]
[2019.11.08-22.30.09:063][  0]LogConfig: Setting CVar [[r.DefaultFeature.AutoExposure:0]]
[2019.11.08-22.30.09:063][  0]LogConfig: Setting CVar [[r.DefaultFeature.AutoExposure.Method:0]]
[2019.11.08-22.30.09:063][  0]LogConfig: Setting CVar [[r.DefaultFeature.AutoExposure.ExtendDefaultLuminanceRange:0]]
[2019.11.08-22.30.09:063][  0]LogConfig: Setting CVar [[r.UsePreExposure:1]]
[2019.11.08-22.30.09:063][  0]LogConfig: Setting CVar [[r.EyeAdaptation.EditorOnly:1]]
[2019.11.08-22.30.09:063][  0]LogConfig: Setting CVar [[r.DefaultFeature.MotionBlur:0]]
[2019.11.08-22.30.09:063][  0]LogConfig: Setting CVar [[r.DefaultFeature.LensFlare:0]]
[2019.11.08-22.30.09:063][  0]LogConfig: Setting CVar [[r.TemporalAA.Upsampling:0]]
[2019.11.08-22.30.09:063][  0]LogConfig: Setting CVar [[r.DefaultFeature.AntiAliasing:0]]
[2019.11.08-22.30.09:063][  0]LogConfig: Setting CVar [[r.DefaultFeature.LightUnits:1]]
[2019.11.08-22.30.09:063][  0]LogConfig: Setting CVar [[r.DefaultBackBufferPixelFormat:4]]
[2019.11.08-22.30.09:064][  0]LogConfig: Setting CVar [[r.Shadow.UnbuiltPreviewInGame:1]]
[2019.11.08-22.30.09:064][  0]LogConfig: Setting CVar [[r.StencilForLODDither:0]]
[2019.11.08-22.30.09:064][  0]LogConfig: Setting CVar [[r.EarlyZPass:3]]
[2019.11.08-22.30.09:064][  0]LogConfig: Setting CVar [[r.EarlyZPassOnlyMaterialMasking:0]]
[2019.11.08-22.30.09:064][  0]LogConfig: Setting CVar [[r.DBuffer:1]]
[2019.11.08-22.30.09:064][  0]LogConfig: Setting CVar [[r.ClearSceneMethod:1]]
[2019.11.08-22.30.09:064][  0]LogConfig: Setting CVar [[r.BasePassOutputsVelocity:0]]
[2019.11.08-22.30.09:064][  0]LogConfig: Setting CVar [[r.SelectiveBasePassOutputs:0]]
[2019.11.08-22.30.09:064][  0]LogConfig: Setting CVar [[fx.GPUSimulationTextureSizeX:1024]]
[2019.11.08-22.30.09:064][  0]LogConfig: Setting CVar [[fx.GPUSimulationTextureSizeY:1024]]
[2019.11.08-22.30.09:064][  0]LogConfig: Setting CVar [[r.AllowGlobalClipPlane:0]]
[2019.11.08-22.30.09:064][  0]LogConfig: Setting CVar [[r.GBufferFormat:1]]
[2019.11.08-22.30.09:064][  0]LogConfig: Setting CVar [[r.MorphTarget.Mode:1]]
[2019.11.08-22.30.09:064][  0]LogConfig: Setting CVar [[vr.InstancedStereo:0]]
[2019.11.08-22.30.09:064][  0]LogConfig: Setting CVar [[vr.MultiView:0]]
[2019.11.08-22.30.09:064][  0]LogConfig: Setting CVar [[vr.MobileMultiView:0]]
[2019.11.08-22.30.09:064][  0]LogConfig: Setting CVar [[vr.MobileMultiView.Direct:0]]
[2019.11.08-22.30.09:064][  0]LogConfig: Setting CVar [[vr.RoundRobinOcclusion:0]]
[2019.11.08-22.30.09:064][  0]LogConfig: Setting CVar [[vr.ODSCapture:0]]
[2019.11.08-22.30.09:064][  0]LogConfig: Setting CVar [[r.WireframeCullThreshold:5.000000]]
[2019.11.08-22.30.09:064][  0]LogConfig: Setting CVar [[r.RayTracing:0]]
[2019.11.08-22.30.09:064][  0]LogConfig: Setting CVar [[r.SupportStationarySkylight:1]]
[2019.11.08-22.30.09:064][  0]LogConfig: Setting CVar [[r.SupportLowQualityLightmaps:1]]
[2019.11.08-22.30.09:064][  0]LogConfig: Setting CVar [[r.SupportPointLightWholeSceneShadows:1]]
[2019.11.08-22.30.09:064][  0]LogConfig: Setting CVar [[r.SupportAtmosphericFog:1]]
[2019.11.08-22.30.09:064][  0]LogConfig: Setting CVar [[r.SkinCache.CompileShaders:0]]
[2019.11.08-22.30.09:064][  0]LogConfig: Setting CVar [[r.Mobile.EnableStaticAndCSMShadowReceivers:1]]
[2019.11.08-22.30.09:064][  0]LogConfig: Setting CVar [[r.Mobile.EnableMovableLightCSMShaderCulling:1]]
[2019.11.08-22.30.09:064][  0]LogConfig: Setting CVar [[r.Mobile.AllowDistanceFieldShadows:1]]
[2019.11.08-22.30.09:064][  0]LogConfig: Setting CVar [[r.Mobile.AllowMovableDirectionalLights:1]]
[2019.11.08-22.30.09:064][  0]LogConfig: Setting CVar [[r.MobileNumDynamicPointLights:4]]
[2019.11.08-22.30.09:064][  0]LogConfig: Setting CVar [[r.MobileDynamicPointLightsUseStaticBranch:1]]
[2019.11.08-22.30.09:064][  0]LogConfig: Setting CVar [[r.Mobile.EnableMovableSpotlights:0]]
[2019.11.08-22.30.09:064][  0]LogConfig: Setting CVar [[r.SkinCache.SceneMemoryLimitInMB:128.000000]]
[2019.11.08-22.30.09:064][  0]LogConfig: Setting CVar [[r.GPUSkin.Limit2BoneInfluences:0]]
[2019.11.08-22.30.09:064][  0]LogConfig: Setting CVar [[r.SupportDepthOnlyIndexBuffers:1]]
[2019.11.08-22.30.09:065][  0]LogConfig: Setting CVar [[r.SupportReversedIndexBuffers:1]]
[2019.11.08-22.30.09:065][  0]LogConfig: Setting CVar [[r.SupportMaterialLayers:0]]
[2019.11.08-22.30.09:065][  0]LogConfig: Applying CVar settings from Section [/Script/Engine.RendererOverrideSettings] File [D:/Epic Games/Projects_hope_this_will_work/Evolvica_ThP/Saved/Config/Windows/Engine.ini]
[2019.11.08-22.30.09:065][  0]LogConfig: Applying CVar settings from Section [/Script/Engine.StreamingSettings] File [D:/Epic Games/Projects_hope_this_will_work/Evolvica_ThP/Saved/Config/Windows/Engine.ini]
[2019.11.08-22.30.09:065][  0]LogConfig: Setting CVar [[s.MinBulkDataSizeForAsyncLoading:131072]]
[2019.11.08-22.30.09:065][  0]LogConfig: Setting CVar [[s.AsyncLoadingThreadEnabled:0]]
[2019.11.08-22.30.09:065][  0]LogConfig: Setting CVar [[s.EventDrivenLoaderEnabled:1]]
[2019.11.08-22.30.09:065][  0]LogConfig: Setting CVar [[s.WarnIfTimeLimitExceeded:0]]
[2019.11.08-22.30.09:065][  0]LogConfig: Setting CVar [[s.TimeLimitExceededMultiplier:1.5]]
[2019.11.08-22.30.09:065][  0]LogConfig: Setting CVar [[s.TimeLimitExceededMinTime:0.005]]
[2019.11.08-22.30.09:065][  0]LogConfig: Setting CVar [[s.UseBackgroundLevelStreaming:1]]
[2019.11.08-22.30.09:065][  0]LogConfig: Setting CVar [[s.PriorityAsyncLoadingExtraTime:15.0]]
[2019.11.08-22.30.09:065][  0]LogConfig: Setting CVar [[s.LevelStreamingActorsUpdateTimeLimit:5.0]]
[2019.11.08-22.30.09:065][  0]LogConfig: Setting CVar [[s.PriorityLevelStreamingActorsUpdateExtraTime:5.0]]
[2019.11.08-22.30.09:065][  0]LogConfig: Setting CVar [[s.LevelStreamingComponentsRegistrationGranularity:10]]
[2019.11.08-22.30.09:065][  0]LogConfig: Setting CVar [[s.UnregisterComponentsTimeLimit:1.0]]
[2019.11.08-22.30.09:065][  0]LogConfig: Setting CVar [[s.LevelStreamingComponentsUnregistrationGranularity:5]]
[2019.11.08-22.30.09:065][  0]LogConfig: Applying CVar settings from Section [/Script/Engine.GarbageCollectionSettings] File [D:/Epic Games/Projects_hope_this_will_work/Evolvica_ThP/Saved/Config/Windows/Engine.ini]
[2019.11.08-22.30.09:065][  0]LogConfig: Setting CVar [[gc.MaxObjectsNotConsideredByGC:1]]
[2019.11.08-22.30.09:065][  0]LogConfig: Setting CVar [[gc.SizeOfPermanentObjectPool:0]]
[2019.11.08-22.30.09:065][  0]LogConfig: Setting CVar [[gc.FlushStreamingOnGC:0]]
[2019.11.08-22.30.09:065][  0]LogConfig: Setting CVar [[gc.NumRetriesBeforeForcingGC:10]]
[2019.11.08-22.30.09:065][  0]LogConfig: Setting CVar [[gc.AllowParallelGC:1]]
[2019.11.08-22.30.09:065][  0]LogConfig: Setting CVar [[gc.TimeBetweenPurgingPendingKillObjects:61.1]]
[2019.11.08-22.30.09:065][  0]LogConfig: Setting CVar [[gc.MaxObjectsInEditor:16777216]]
[2019.11.08-22.30.09:065][  0]LogConfig: Setting CVar [[gc.IncrementalBeginDestroyEnabled:1]]
[2019.11.08-22.30.09:065][  0]LogConfig: Setting CVar [[gc.CreateGCClusters:1]]
[2019.11.08-22.30.09:065][  0]LogConfig: Setting CVar [[gc.MinGCClusterSize:5]]
[2019.11.08-22.30.09:065][  0]LogConfig: Setting CVar [[gc.ActorClusteringEnabled:0]]
[2019.11.08-22.30.09:065][  0]LogConfig: Setting CVar [[gc.BlueprintClusteringEnabled:0]]
[2019.11.08-22.30.09:065][  0]LogConfig: Setting CVar [[gc.UseDisregardForGCOnDedicatedServers:0]]
[2019.11.08-22.30.09:065][  0]LogConfig: Applying CVar settings from Section [/Script/Engine.NetworkSettings] File [D:/Epic Games/Projects_hope_this_will_work/Evolvica_ThP/Saved/Config/Windows/Engine.ini]
[2019.11.08-22.30.09:065][  0]LogConfig: Applying CVar settings from Section [/Script/UnrealEd.CookerSettings] File [D:/Epic Games/Projects_hope_this_will_work/Evolvica_ThP/Saved/Config/Windows/Engine.ini]
[2019.11.08-22.30.09:069][  0]LogConfig: Applying CVar settings from Section [ViewDistanceQuality@3] File [D:/Epic Games/Projects_hope_this_will_work/Evolvica_ThP/Saved/Config/Windows/Scalability.ini]
[2019.11.08-22.30.09:069][  0]LogConfig: Setting CVar [[r.SkeletalMeshLODBias:0]]
[2019.11.08-22.30.09:069][  0]LogConfig: Setting CVar [[r.ViewDistanceScale:1.0]]
[2019.11.08-22.30.09:069][  0]LogConfig: Applying CVar settings from Section [AntiAliasingQuality@3] File [D:/Epic Games/Projects_hope_this_will_work/Evolvica_ThP/Saved/Config/Windows/Scalability.ini]
[2019.11.08-22.30.09:069][  0]LogConfig: Setting CVar [[r.PostProcessAAQuality:4]]
[2019.11.08-22.30.09:069][  0]LogConfig: Applying CVar settings from Section [ShadowQuality@3] File [D:/Epic Games/Projects_hope_this_will_work/Evolvica_ThP/Saved/Config/Windows/Scalability.ini]
[2019.11.08-22.30.09:069][  0]LogConfig: Setting CVar [[r.LightFunctionQuality:1]]
[2019.11.08-22.30.09:069][  0]LogConfig: Setting CVar [[r.ShadowQuality:5]]
[2019.11.08-22.30.09:069][  0]LogConfig: Setting CVar [[r.Shadow.CSM.MaxCascades:10]]
[2019.11.08-22.30.09:069][  0]LogConfig: Setting CVar [[r.Shadow.MaxResolution:2048]]
[2019.11.08-22.30.09:069][  0]LogConfig: Setting CVar [[r.Shadow.MaxCSMResolution:2048]]
[2019.11.08-22.30.09:069][  0]LogConfig: Setting CVar [[r.Shadow.RadiusThreshold:0.01]]
[2019.11.08-22.30.09:069][  0]LogConfig: Setting CVar [[r.Shadow.DistanceScale:1.0]]
[2019.11.08-22.30.09:069][  0]LogConfig: Setting CVar [[r.Shadow.CSM.TransitionScale:1.0]]
[2019.11.08-22.30.09:069][  0]LogConfig: Setting CVar [[r.Shadow.PreShadowResolutionFactor:1.0]]
[2019.11.08-22.30.09:069][  0]LogConfig: Setting CVar [[r.DistanceFieldShadowing:1]]
[2019.11.08-22.30.09:069][  0]LogConfig: Setting CVar [[r.DistanceFieldAO:1]]
[2019.11.08-22.30.09:069][  0]LogConfig: Setting CVar [[r.AOQuality:2]]
[2019.11.08-22.30.09:069][  0]LogConfig: Setting CVar [[r.VolumetricFog:1]]
[2019.11.08-22.30.09:069][  0]LogConfig: Setting CVar [[r.VolumetricFog.GridPixelSize:8]]
[2019.11.08-22.30.09:069][  0]LogConfig: Setting CVar [[r.VolumetricFog.GridSizeZ:128]]
[2019.11.08-22.30.09:069][  0]LogConfig: Setting CVar [[r.VolumetricFog.HistoryMissSupersampleCount:4]]
[2019.11.08-22.30.09:069][  0]LogConfig: Setting CVar [[r.LightMaxDrawDistanceScale:1]]
[2019.11.08-22.30.09:069][  0]LogConfig: Setting CVar [[r.CapsuleShadows:1]]
[2019.11.08-22.30.09:069][  0]LogConfig: Applying CVar settings from Section [PostProcessQuality@3] File [D:/Epic Games/Projects_hope_this_will_work/Evolvica_ThP/Saved/Config/Windows/Scalability.ini]
[2019.11.08-22.30.09:069][  0]LogConfig: Setting CVar [[r.MotionBlurQuality:4]]
[2019.11.08-22.30.09:069][  0]LogConfig: Setting CVar [[r.AmbientOcclusionMipLevelFactor:0.4]]
[2019.11.08-22.30.09:070][  0]LogConfig: Setting CVar [[r.AmbientOcclusionMaxQuality:100]]
[2019.11.08-22.30.09:070][  0]LogConfig: Setting CVar [[r.AmbientOcclusionLevels:-1]]
[2019.11.08-22.30.09:070][  0]LogConfig: Setting CVar [[r.AmbientOcclusionRadiusScale:1.0]]
[2019.11.08-22.30.09:070][  0]LogConfig: Setting CVar [[r.DepthOfFieldQuality:2]]
[2019.11.08-22.30.09:070][  0]LogConfig: Setting CVar [[r.RenderTargetPoolMin:400]]
[2019.11.08-22.30.09:070][  0]LogConfig: Setting CVar [[r.LensFlareQuality:2]]
[2019.11.08-22.30.09:070][  0]LogConfig: Setting CVar [[r.SceneColorFringeQuality:1]]
[2019.11.08-22.30.09:070][  0]LogConfig: Setting CVar [[r.EyeAdaptationQuality:2]]
[2019.11.08-22.30.09:070][  0]LogConfig: Setting CVar [[r.BloomQuality:5]]
[2019.11.08-22.30.09:070][  0]LogConfig: Setting CVar [[r.FastBlurThreshold:100]]
[2019.11.08-22.30.09:070][  0]LogConfig: Setting CVar [[r.Upscale.Quality:3]]
[2019.11.08-22.30.09:070][  0]LogConfig: Setting CVar [[r.Tonemapper.GrainQuantization:1]]
[2019.11.08-22.30.09:070][  0]LogConfig: Setting CVar [[r.LightShaftQuality:1]]
[2019.11.08-22.30.09:070][  0]LogConfig: Setting CVar [[r.Filter.SizeScale:1]]
[2019.11.08-22.30.09:070][  0]LogConfig: Setting CVar [[r.Tonemapper.Quality:5]]
[2019.11.08-22.30.09:070][  0]LogConfig: Setting CVar [[r.DOF.Gather.AccumulatorQuality:1        ; higher gathering accumulator quality]]
[2019.11.08-22.30.09:070][  0]LogConfig: Setting CVar [[r.DOF.Gather.PostfilterMethod:1          ; Median3x3 postfilering method]]
[2019.11.08-22.30.09:070][  0]LogConfig: Setting CVar [[r.DOF.Gather.EnableBokehSettings:0       ; no bokeh simulation when gathering]]
[2019.11.08-22.30.09:070][  0]LogConfig: Setting CVar [[r.DOF.Gather.RingCount:4                 ; medium number of samples when gathering]]
[2019.11.08-22.30.09:070][  0]LogConfig: Setting CVar [[r.DOF.Scatter.ForegroundCompositing:1    ; additive foreground scattering]]
[2019.11.08-22.30.09:070][  0]LogConfig: Setting CVar [[r.DOF.Scatter.BackgroundCompositing:2    ; additive background scattering]]
[2019.11.08-22.30.09:070][  0]LogConfig: Setting CVar [[r.DOF.Scatter.EnableBokehSettings:1      ; bokeh simulation when scattering]]
[2019.11.08-22.30.09:070][  0]LogConfig: Setting CVar [[r.DOF.Scatter.MaxSpriteRatio:0.1         ; only a maximum of 10% of scattered bokeh]]
[2019.11.08-22.30.09:070][  0]LogConfig: Setting CVar [[r.DOF.Recombine.Quality:1                ; cheap slight out of focus]]
[2019.11.08-22.30.09:070][  0]LogConfig: Setting CVar [[r.DOF.Recombine.EnableBokehSettings:0    ; no bokeh simulation on slight out of focus]]
[2019.11.08-22.30.09:070][  0]LogConfig: Setting CVar [[r.DOF.TemporalAAQuality:1                ; more stable temporal accumulation]]
[2019.11.08-22.30.09:070][  0]LogConfig: Setting CVar [[r.DOF.Kernel.MaxForegroundRadius:0.025]]
[2019.11.08-22.30.09:070][  0]LogConfig: Setting CVar [[r.DOF.Kernel.MaxBackgroundRadius:0.025]]
[2019.11.08-22.30.09:070][  0]LogConfig: Applying CVar settings from Section [TextureQuality@3] File [D:/Epic Games/Projects_hope_this_will_work/Evolvica_ThP/Saved/Config/Windows/Scalability.ini]
[2019.11.08-22.30.09:070][  0]LogConfig: Setting CVar [[r.Streaming.MipBias:0]]
[2019.11.08-22.30.09:070][  0]LogConfig: Setting CVar [[r.Streaming.AmortizeCPUToGPUCopy:0]]
[2019.11.08-22.30.09:070][  0]LogConfig: Setting CVar [[r.Streaming.MaxNumTexturesToStreamPerFrame:0]]
[2019.11.08-22.30.09:070][  0]LogConfig: Setting CVar [[r.Streaming.Boost:1]]
[2019.11.08-22.30.09:070][  0]LogConfig: Setting CVar [[r.MaxAnisotropy:8]]
[2019.11.08-22.30.09:070][  0]LogConfig: Setting CVar [[r.Streaming.LimitPoolSizeToVRAM:0]]
[2019.11.08-22.30.09:070][  0]LogConfig: Setting CVar [[r.Streaming.PoolSize:1000]]
[2019.11.08-22.30.09:070][  0]LogConfig: Setting CVar [[r.Streaming.MaxEffectiveScreenSize:0]]
[2019.11.08-22.30.09:070][  0]LogConfig: Applying CVar settings from Section [EffectsQuality@3] File [D:/Epic Games/Projects_hope_this_will_work/Evolvica_ThP/Saved/Config/Windows/Scalability.ini]
[2019.11.08-22.30.09:070][  0]LogConfig: Setting CVar [[r.TranslucencyLightingVolumeDim:64]]
[2019.11.08-22.30.09:070][  0]LogConfig: Setting CVar [[r.RefractionQuality:2]]
[2019.11.08-22.30.09:070][  0]LogConfig: Setting CVar [[r.SSR.Quality:3]]
[2019.11.08-22.30.09:070][  0]LogConfig: Setting CVar [[r.SceneColorFormat:4]]
[2019.11.08-22.30.09:070][  0]LogConfig: Setting CVar [[r.DetailMode:2]]
[2019.11.08-22.30.09:070][  0]LogConfig: Setting CVar [[r.TranslucencyVolumeBlur:1]]
[2019.11.08-22.30.09:070][  0]LogConfig: Setting CVar [[r.MaterialQualityLevel:1 ; High quality]]
[2019.11.08-22.30.09:070][  0]LogConfig: Setting CVar [[r.SSS.Scale:1]]
[2019.11.08-22.30.09:070][  0]LogConfig: Setting CVar [[r.SSS.SampleSet:2]]
[2019.11.08-22.30.09:070][  0]LogConfig: Setting CVar [[r.SSS.Quality:1]]
[2019.11.08-22.30.09:070][  0]LogConfig: Setting CVar [[r.SSS.HalfRes:1]]
[2019.11.08-22.30.09:070][  0]LogConfig: Setting CVar [[r.EmitterSpawnRateScale:1.0]]
[2019.11.08-22.30.09:070][  0]LogConfig: Setting CVar [[r.ParticleLightQuality:2]]
[2019.11.08-22.30.09:070][  0]LogConfig: Applying CVar settings from Section [FoliageQuality@3] File [D:/Epic Games/Projects_hope_this_will_work/Evolvica_ThP/Saved/Config/Windows/Scalability.ini]
[2019.11.08-22.30.09:070][  0]LogConfig: Setting CVar [[foliage.DensityScale:1.0]]
[2019.11.08-22.30.09:070][  0]LogConfig: Setting CVar [[grass.DensityScale:1.0]]
[2019.11.08-22.30.09:070][  0]LogInit: Selected Device Profile: [Windows]
[2019.11.08-22.30.09:070][  0]LogInit: Applying CVar settings loaded from the selected device profile: [Windows]
[2019.11.08-22.30.09:076][  0]LogHAL: Display: Platform has ~ 6 GB [6322098176 / 8589934592 / 6], which maps to Smaller [LargestMinGB=32, LargerMinGB=12, DefaultMinGB=8, SmallerMinGB=6, SmallestMinGB=0)
[2019.11.08-22.30.09:076][  0]LogInit: Going up to parent DeviceProfile []
[2019.11.08-22.30.09:077][  0]LogConfig: Applying CVar settings from Section [ViewDistanceQuality@3] File [D:/Epic Games/Projects_hope_this_will_work/Evolvica_ThP/Saved/Config/Windows/Scalability.ini]
[2019.11.08-22.30.09:077][  0]LogConfig: Setting CVar [[r.SkeletalMeshLODBias:0]]
[2019.11.08-22.30.09:077][  0]LogConfig: Setting CVar [[r.ViewDistanceScale:1.0]]
[2019.11.08-22.30.09:077][  0]LogConfig: Applying CVar settings from Section [AntiAliasingQuality@3] File [D:/Epic Games/Projects_hope_this_will_work/Evolvica_ThP/Saved/Config/Windows/Scalability.ini]
[2019.11.08-22.30.09:077][  0]LogConfig: Setting CVar [[r.PostProcessAAQuality:4]]
[2019.11.08-22.30.09:077][  0]LogConfig: Applying CVar settings from Section [ShadowQuality@3] File [D:/Epic Games/Projects_hope_this_will_work/Evolvica_ThP/Saved/Config/Windows/Scalability.ini]
[2019.11.08-22.30.09:077][  0]LogConfig: Setting CVar [[r.LightFunctionQuality:1]]
[2019.11.08-22.30.09:077][  0]LogConfig: Setting CVar [[r.ShadowQuality:5]]
[2019.11.08-22.30.09:077][  0]LogConfig: Setting CVar [[r.Shadow.CSM.MaxCascades:10]]
[2019.11.08-22.30.09:077][  0]LogConfig: Setting CVar [[r.Shadow.MaxResolution:2048]]
[2019.11.08-22.30.09:077][  0]LogConfig: Setting CVar [[r.Shadow.MaxCSMResolution:2048]]
[2019.11.08-22.30.09:077][  0]LogConfig: Setting CVar [[r.Shadow.RadiusThreshold:0.01]]
[2019.11.08-22.30.09:077][  0]LogConfig: Setting CVar [[r.Shadow.DistanceScale:1.0]]
[2019.11.08-22.30.09:077][  0]LogConfig: Setting CVar [[r.Shadow.CSM.TransitionScale:1.0]]
[2019.11.08-22.30.09:077][  0]LogConfig: Setting CVar [[r.Shadow.PreShadowResolutionFactor:1.0]]
[2019.11.08-22.30.09:077][  0]LogConfig: Setting CVar [[r.DistanceFieldShadowing:1]]
[2019.11.08-22.30.09:077][  0]LogConfig: Setting CVar [[r.DistanceFieldAO:1]]
[2019.11.08-22.30.09:077][  0]LogConfig: Setting CVar [[r.AOQuality:2]]
[2019.11.08-22.30.09:077][  0]LogConfig: Setting CVar [[r.VolumetricFog:1]]
[2019.11.08-22.30.09:077][  0]LogConfig: Setting CVar [[r.VolumetricFog.GridPixelSize:8]]
[2019.11.08-22.30.09:077][  0]LogConfig: Setting CVar [[r.VolumetricFog.GridSizeZ:128]]
[2019.11.08-22.30.09:077][  0]LogConfig: Setting CVar [[r.VolumetricFog.HistoryMissSupersampleCount:4]]
[2019.11.08-22.30.09:077][  0]LogConfig: Setting CVar [[r.LightMaxDrawDistanceScale:1]]
[2019.11.08-22.30.09:077][  0]LogConfig: Setting CVar [[r.CapsuleShadows:1]]
[2019.11.08-22.30.09:077][  0]LogConfig: Applying CVar settings from Section [PostProcessQuality@3] File [D:/Epic Games/Projects_hope_this_will_work/Evolvica_ThP/Saved/Config/Windows/Scalability.ini]
[2019.11.08-22.30.09:077][  0]LogConfig: Setting CVar [[r.MotionBlurQuality:4]]
[2019.11.08-22.30.09:077][  0]LogConfig: Setting CVar [[r.AmbientOcclusionMipLevelFactor:0.4]]
[2019.11.08-22.30.09:077][  0]LogConfig: Setting CVar [[r.AmbientOcclusionMaxQuality:100]]
[2019.11.08-22.30.09:077][  0]LogConfig: Setting CVar [[r.AmbientOcclusionLevels:-1]]
[2019.11.08-22.30.09:077][  0]LogConfig: Setting CVar [[r.AmbientOcclusionRadiusScale:1.0]]
[2019.11.08-22.30.09:077][  0]LogConfig: Setting CVar [[r.DepthOfFieldQuality:2]]
[2019.11.08-22.30.09:077][  0]LogConfig: Setting CVar [[r.RenderTargetPoolMin:400]]
[2019.11.08-22.30.09:077][  0]LogConfig: Setting CVar [[r.LensFlareQuality:2]]
[2019.11.08-22.30.09:077][  0]LogConfig: Setting CVar [[r.SceneColorFringeQuality:1]]
[2019.11.08-22.30.09:077][  0]LogConfig: Setting CVar [[r.EyeAdaptationQuality:2]]
[2019.11.08-22.30.09:078][  0]LogConfig: Setting CVar [[r.BloomQuality:5]]
[2019.11.08-22.30.09:078][  0]LogConfig: Setting CVar [[r.FastBlurThreshold:100]]
[2019.11.08-22.30.09:078][  0]LogConfig: Setting CVar [[r.Upscale.Quality:3]]
[2019.11.08-22.30.09:078][  0]LogConfig: Setting CVar [[r.Tonemapper.GrainQuantization:1]]
[2019.11.08-22.30.09:078][  0]LogConfig: Setting CVar [[r.LightShaftQuality:1]]
[2019.11.08-22.30.09:078][  0]LogConfig: Setting CVar [[r.Filter.SizeScale:1]]
[2019.11.08-22.30.09:078][  0]LogConfig: Setting CVar [[r.Tonemapper.Quality:5]]
[2019.11.08-22.30.09:078][  0]LogConfig: Setting CVar [[r.DOF.Gather.AccumulatorQuality:1        ; higher gathering accumulator quality]]
[2019.11.08-22.30.09:078][  0]LogConfig: Setting CVar [[r.DOF.Gather.PostfilterMethod:1          ; Median3x3 postfilering method]]
[2019.11.08-22.30.09:078][  0]LogConfig: Setting CVar [[r.DOF.Gather.EnableBokehSettings:0       ; no bokeh simulation when gathering]]
[2019.11.08-22.30.09:078][  0]LogConfig: Setting CVar [[r.DOF.Gather.RingCount:4                 ; medium number of samples when gathering]]
[2019.11.08-22.30.09:078][  0]LogConfig: Setting CVar [[r.DOF.Scatter.ForegroundCompositing:1    ; additive foreground scattering]]
[2019.11.08-22.30.09:078][  0]LogConfig: Setting CVar [[r.DOF.Scatter.BackgroundCompositing:2    ; additive background scattering]]
[2019.11.08-22.30.09:078][  0]LogConfig: Setting CVar [[r.DOF.Scatter.EnableBokehSettings:1      ; bokeh simulation when scattering]]
[2019.11.08-22.30.09:078][  0]LogConfig: Setting CVar [[r.DOF.Scatter.MaxSpriteRatio:0.1         ; only a maximum of 10% of scattered bokeh]]
[2019.11.08-22.30.09:078][  0]LogConfig: Setting CVar [[r.DOF.Recombine.Quality:1                ; cheap slight out of focus]]
[2019.11.08-22.30.09:078][  0]LogConfig: Setting CVar [[r.DOF.Recombine.EnableBokehSettings:0    ; no bokeh simulation on slight out of focus]]
[2019.11.08-22.30.09:078][  0]LogConfig: Setting CVar [[r.DOF.TemporalAAQuality:1                ; more stable temporal accumulation]]
[2019.11.08-22.30.09:078][  0]LogConfig: Setting CVar [[r.DOF.Kernel.MaxForegroundRadius:0.025]]
[2019.11.08-22.30.09:078][  0]LogConfig: Setting CVar [[r.DOF.Kernel.MaxBackgroundRadius:0.025]]
[2019.11.08-22.30.09:078][  0]LogConfig: Applying CVar settings from Section [TextureQuality@3] File [D:/Epic Games/Projects_hope_this_will_work/Evolvica_ThP/Saved/Config/Windows/Scalability.ini]
[2019.11.08-22.30.09:078][  0]LogConfig: Setting CVar [[r.Streaming.MipBias:0]]
[2019.11.08-22.30.09:078][  0]LogConfig: Setting CVar [[r.Streaming.AmortizeCPUToGPUCopy:0]]
[2019.11.08-22.30.09:078][  0]LogConfig: Setting CVar [[r.Streaming.MaxNumTexturesToStreamPerFrame:0]]
[2019.11.08-22.30.09:078][  0]LogConfig: Setting CVar [[r.Streaming.Boost:1]]
[2019.11.08-22.30.09:078][  0]LogConfig: Setting CVar [[r.MaxAnisotropy:8]]
[2019.11.08-22.30.09:078][  0]LogConfig: Setting CVar [[r.Streaming.LimitPoolSizeToVRAM:0]]
[2019.11.08-22.30.09:078][  0]LogConfig: Setting CVar [[r.Streaming.PoolSize:1000]]
[2019.11.08-22.30.09:078][  0]LogConfig: Setting CVar [[r.Streaming.MaxEffectiveScreenSize:0]]
[2019.11.08-22.30.09:078][  0]LogConfig: Applying CVar settings from Section [EffectsQuality@3] File [D:/Epic Games/Projects_hope_this_will_work/Evolvica_ThP/Saved/Config/Windows/Scalability.ini]
[2019.11.08-22.30.09:078][  0]LogConfig: Setting CVar [[r.TranslucencyLightingVolumeDim:64]]
[2019.11.08-22.30.09:078][  0]LogConfig: Setting CVar [[r.RefractionQuality:2]]
[2019.11.08-22.30.09:079][  0]LogConfig: Setting CVar [[r.SSR.Quality:3]]
[2019.11.08-22.30.09:079][  0]LogConfig: Setting CVar [[r.SceneColorFormat:4]]
[2019.11.08-22.30.09:079][  0]LogConfig: Setting CVar [[r.DetailMode:2]]
[2019.11.08-22.30.09:079][  0]LogConfig: Setting CVar [[r.TranslucencyVolumeBlur:1]]
[2019.11.08-22.30.09:079][  0]LogConfig: Setting CVar [[r.MaterialQualityLevel:1 ; High quality]]
[2019.11.08-22.30.09:079][  0]LogConfig: Setting CVar [[r.SSS.Scale:1]]
[2019.11.08-22.30.09:079][  0]LogConfig: Setting CVar [[r.SSS.SampleSet:2]]
[2019.11.08-22.30.09:079][  0]LogConfig: Setting CVar [[r.SSS.Quality:1]]
[2019.11.08-22.30.09:079][  0]LogConfig: Setting CVar [[r.SSS.HalfRes:1]]
[2019.11.08-22.30.09:079][  0]LogConfig: Setting CVar [[r.EmitterSpawnRateScale:1.0]]
[2019.11.08-22.30.09:079][  0]LogConfig: Setting CVar [[r.ParticleLightQuality:2]]
[2019.11.08-22.30.09:079][  0]LogConfig: Applying CVar settings from Section [FoliageQuality@3] File [D:/Epic Games/Projects_hope_this_will_work/Evolvica_ThP/Saved/Config/Windows/Scalability.ini]
[2019.11.08-22.30.09:079][  0]LogConfig: Setting CVar [[foliage.DensityScale:1.0]]
[2019.11.08-22.30.09:079][  0]LogConfig: Setting CVar [[grass.DensityScale:1.0]]
[2019.11.08-22.30.09:079][  0]LogConfig: Applying CVar settings from Section [Startup] File [../../../Engine/Config/ConsoleVariables.ini]
[2019.11.08-22.30.09:080][  0]LogConfig: Setting CVar [[net.UseAdaptiveNetUpdateFrequency:0]]
[2019.11.08-22.30.09:080][  0]LogConfig: Setting CVar [[p.chaos.AllowCreatePhysxBodies:1]]
[2019.11.08-22.30.09:080][  0]LogConfig: Applying CVar settings from Section [ConsoleVariables] File [D:/Epic Games/Projects_hope_this_will_work/Evolvica_ThP/Saved/Config/Windows/Engine.ini]
[2019.11.08-22.30.09:081][  0]LogInit: Computer: LAPTOP-IFDBF4CK
[2019.11.08-22.30.09:081][  0]LogInit: User: Аня
[2019.11.08-22.30.09:081][  0]LogInit: CPU Page size=4096, Cores=2
[2019.11.08-22.30.09:081][  0]LogInit: High frequency timer resolution =10.000000 MHz
[2019.11.08-22.30.09:081][  0]LogMemory: Memory total: Physical=5.9GB (6GB approx)
[2019.11.08-22.30.09:081][  0]LogMemory: Platform Memory Stats for Windows
[2019.11.08-22.30.09:081][  0]LogMemory: Process Physical Memory: 100.60 MB used, 100.60 MB peak
[2019.11.08-22.30.09:082][  0]LogMemory: Process Virtual Memory: 99.69 MB used, 99.69 MB peak
[2019.11.08-22.30.09:082][  0]LogMemory: Physical Memory: 5095.58 MB used,  933.64 MB free, 6029.22 MB total
[2019.11.08-22.30.09:082][  0]LogMemory: Virtual Memory: 4666.15 MB used,  134213064.00 MB free, 134217728.00 MB total
[2019.11.08-22.30.09:089][  0]LogWindows: WindowsPlatformFeatures enabled
[2019.11.08-22.30.09:444][  0]LogInit: Using OS detected language (ru-RU).
[2019.11.08-22.30.09:444][  0]LogInit: Using OS detected locale (ru-RU).
[2019.11.08-22.30.09:446][  0]LogTextLocalizationManager: No specific localization for 'ru-RU' exists, so the 'ru' localization will be used.
[2019.11.08-22.30.09:463][  0]LogTextLocalizationResource: LocRes '../../../Engine/Content/Localization/Editor/ru/Editor.locres' could not be opened for reading!
[2019.11.08-22.30.09:474][  0]LogTextLocalizationResource: LocRes '../../../Engine/Content/Localization/EditorTutorials/ru/EditorTutorials.locres' could not be opened for reading!
[2019.11.08-22.30.09:485][  0]LogTextLocalizationResource: LocRes '../../../Engine/Content/Localization/Keywords/ru/Keywords.locres' could not be opened for reading!
[2019.11.08-22.30.09:518][  0]LogTextLocalizationResource: LocRes '../../../Engine/Content/Localization/Category/ru/Category.locres' could not be opened for reading!
[2019.11.08-22.30.09:573][  0]LogTextLocalizationResource: LocRes '../../../Engine/Content/Localization/ToolTips/ru/ToolTips.locres' could not be opened for reading!
[2019.11.08-22.30.09:584][  0]LogTextLocalizationResource: LocRes '../../../Engine/Content/Localization/PropertyNames/ru/PropertyNames.locres' could not be opened for reading!
[2019.11.08-22.30.09:595][  0]LogTextLocalizationResource: LocRes '../../../Engine/Content/Localization/Engine/ru/Engine.locres' could not be opened for reading!
[2019.11.08-22.30.09:914][  0]LogSlate: New Slate User Created.  User Index 0, Is Virtual User: 0
[2019.11.08-22.30.09:914][  0]LogSlate: Slate User Registered.  User Index 0, Is Virtual User: 0
[2019.11.08-22.30.09:933][  0]LogHMD: Failed to initialize OpenVR with code 110
[2019.11.08-22.30.09:933][  0]LogD3D11RHI: D3D11 adapters:
[2019.11.08-22.30.10:049][  0]LogD3D11RHI:    0. 'AMD Radeon (TM) R7 M340' (Feature Level 11_0)
[2019.11.08-22.30.10:049][  0]LogD3D11RHI:       2039/0/3014 MB DedicatedVideo/DedicatedSystem/SharedSystem, Outputs:1, VendorId:0x1002
[2019.11.08-22.30.10:102][  0]LogD3D11RHI:    1. '@oem64.inf,zxcv%ikblultgt2%;zxcvIntel(R) HD Graphics 620' (Feature Level 11_0)
[2019.11.08-22.30.10:102][  0]LogD3D11RHI:       128/0/3014 MB DedicatedVideo/DedicatedSystem/SharedSystem, Outputs:0, VendorId:0x8086
[2019.11.08-22.30.10:108][  0]LogD3D11RHI:    2. 'Microsoft Basic Render Driver' (Feature Level 11_0)
[2019.11.08-22.30.10:108][  0]LogD3D11RHI:       0/0/3014 MB DedicatedVideo/DedicatedSystem/SharedSystem, Outputs:0, VendorId:0x1414
[2019.11.08-22.30.10:108][  0]LogD3D11RHI: Chosen D3D11 Adapter: 0
[2019.11.08-22.30.10:121][  0]LogD3D11RHI: Creating new Direct3DDevice
[2019.11.08-22.30.10:121][  0]LogD3D11RHI:     GPU DeviceId: 0x6900 (for the marketing name, search the web for "GPU Device Id")
[2019.11.08-22.30.10:141][  0]LogWindows: EnumDisplayDevices:
[2019.11.08-22.30.10:142][  0]LogWindows:    0. 'zxcvIntel(R) HD Graphics 620' (P:1 D:1)
[2019.11.08-22.30.10:143][  0]LogWindows:    1. 'zxcvIntel(R) HD Graphics 620' (P:0 D:0)
[2019.11.08-22.30.10:143][  0]LogWindows:    2. 'zxcvIntel(R) HD Graphics 620' (P:0 D:0)
[2019.11.08-22.30.10:144][  0]LogWindows: DebugString: PrimaryIsNotTheChoosenAdapter PrimaryIsNotTheChoosenAdapter PrimaryIsNotTheChoosenAdapter FoundDriverCount:0 
[2019.11.08-22.30.10:144][  0]LogD3D11RHI:     Adapter Name: AMD Radeon (TM) R7 M340
[2019.11.08-22.30.10:144][  0]LogD3D11RHI:   Driver Version: Unknown (internal:Unknown, unified:Unknown)
[2019.11.08-22.30.10:144][  0]LogD3D11RHI:      Driver Date: Unknown
[2019.11.08-22.30.10:144][  0]LogRHI: Texture pool is 1427 MB (70% of 2039 MB)
[2019.11.08-22.30.10:216][  0]LogD3D11RHI: Async texture creation enabled
[2019.11.08-22.30.10:243][  0]LogD3D11RHI: GPU Timing Frequency: 27.000000 (Debug: 2 1)
[2019.11.08-22.30.11:300][  0]LogTemp: Display: Module 'WindowsClientTargetPlatform' loaded TargetPlatform 'WindowsClient'
[2019.11.08-22.30.11:315][  0]LogTemp: Display: Module 'WindowsNoEditorTargetPlatform' loaded TargetPlatform 'WindowsNoEditor'
[2019.11.08-22.30.11:371][  0]LogTemp: Display: Module 'WindowsServerTargetPlatform' loaded TargetPlatform 'WindowsServer'
[2019.11.08-22.30.11:427][  0]LogTemp: Display: Module 'WindowsTargetPlatform' loaded TargetPlatform 'Windows'
[2019.11.08-22.30.11:427][  0]LogTargetPlatformManager: Display: Building Assets For Windows
[2019.11.08-22.30.11:525][  0]LogAudioDebug: Display: Lib vorbis DLL was dynamically loaded.
[2019.11.08-22.30.12:101][  0]LogShaderCompilers: Guid format shader working directory is -9 characters bigger than the processId version (../../../../Projects_hope_this_will_work/Evolvica_ThP/Intermediate/Shaders/WorkingDirectory/1540/).
[2019.11.08-22.30.12:101][  0]LogShaderCompilers: Cleaned the shader compiler working directory 'C:/Users/Аня/AppData/Local/Temp/UnrealShaderWorkingDir/FFF0CA4E4DD37B696B14329A8F891255/'.
[2019.11.08-22.30.12:115][  0]LogXGEController: Cannot use XGE Controller as Incredibuild is not installed on this machine.
[2019.11.08-22.30.12:115][  0]LogShaderCompilers: Cannot use XGE Shader Compiler as Incredibuild is not installed on this machine.
[2019.11.08-22.30.12:115][  0]LogShaderCompilers: Display: Using Local Shader Compiler.
[2019.11.08-22.30.14:309][  0]LogDerivedDataCache: Display: Max Cache Size: 512 MB
[2019.11.08-22.30.14:527][  0]LogDerivedDataCache: Loaded boot cache 0.22s 73MB C:/Users/Аня/AppData/Local/UnrealEngine/4.23/DerivedDataCache/Boot.ddc.
[2019.11.08-22.30.14:527][  0]LogDerivedDataCache: Display: Loaded Boot cache: C:/Users/Аня/AppData/Local/UnrealEngine/4.23/DerivedDataCache/Boot.ddc
[2019.11.08-22.30.14:528][  0]LogDerivedDataCache: FDerivedDataBackendGraph:  Pak pak cache file ../../../../Projects_hope_this_will_work/Evolvica_ThP/DerivedDataCache/DDC.ddp not found, will not use a pak cache.
[2019.11.08-22.30.14:528][  0]LogDerivedDataCache: Unable to find inner node Pak for hierarchical cache Hierarchy.
[2019.11.08-22.30.14:528][  0]LogDerivedDataCache: FDerivedDataBackendGraph:  CompressedPak pak cache file ../../../../Projects_hope_this_will_work/Evolvica_ThP/DerivedDataCache/Compressed.ddp not found, will not use a pak cache.
[2019.11.08-22.30.14:528][  0]LogDerivedDataCache: Unable to find inner node CompressedPak for hierarchical cache Hierarchy.
[2019.11.08-22.30.14:570][  0]LogDerivedDataCache: Display: Pak cache opened for reading ../../../Engine/DerivedDataCache/Compressed.ddp.
[2019.11.08-22.30.14:570][  0]LogDerivedDataCache: FDerivedDataBackendGraph:  EnterprisePak pak cache file ../../../Enterprise/DerivedDataCache/Compressed.ddp not found, will not use a pak cache.
[2019.11.08-22.30.14:570][  0]LogDerivedDataCache: Unable to find inner node EnterprisePak for hierarchical cache Hierarchy.
[2019.11.08-22.30.14:600][  0]LogDerivedDataCache: Using Local data cache path C:/Users/Аня/AppData/Local/UnrealEngine/Common/DerivedDataCache: Writable
[2019.11.08-22.30.14:600][  0]LogDerivedDataCache: Shared data cache path not found in *engine.ini, will not use an Shared cache.
[2019.11.08-22.30.14:600][  0]LogDerivedDataCache: Unable to find inner node Shared for hierarchical cache Hierarchy.
[2019.11.08-22.30.14:645][  0]LogMaterial: Verifying Global Shaders for PCD3D_ES2
[2019.11.08-22.30.14:746][  0]LogSlate: Using FreeType 2.6.0
[2019.11.08-22.30.14:801][  0]LogSlate: SlateFontServices - WITH_FREETYPE: 1, WITH_HARFBUZZ: 1
[2019.11.08-22.30.17:081][  0]LogInit: Using OS detected language (ru-RU).
[2019.11.08-22.30.17:081][  0]LogInit: Using OS detected locale (ru-RU).
[2019.11.08-22.30.17:081][  0]LogTextLocalizationManager: No localization for 'ru-RU' exists, so 'en' will be used for the language.
[2019.11.08-22.30.17:081][  0]LogTextLocalizationManager: No localization for 'ru-RU' exists, so 'en' will be used for the locale.
[2019.11.08-22.30.17:082][  0]LogSlate: FontCache flush requested. Reason: Culture for localization was changed
[2019.11.08-22.30.17:082][  0]LogSlate: FontCache flush requested. Reason: Culture for localization was changed
[2019.11.08-22.30.17:082][  0]LogTextLocalizationManager: Compacting localization data took   0.01ms
[2019.11.08-22.30.17:126][  0]LogAssetRegistry: FAssetRegistry took 0.0032 seconds to start up
[2019.11.08-22.30.19:523][  0]LogPackageLocalizationCache: Processed 12 localized package path(s) for 1 prioritized culture(s) in 0.010812 seconds
[2019.11.08-22.30.19:733][  0]LogInit: Selected Device Profile: [Windows]
[2019.11.08-22.30.20:851][  0]LogMeshReduction: Using QuadricMeshReduction for automatic static mesh reduction
[2019.11.08-22.30.20:851][  0]LogMeshReduction: Using SimplygonMeshReduction for automatic skeletal mesh reduction
[2019.11.08-22.30.20:851][  0]LogMeshReduction: Using ProxyLODMeshReduction for automatic mesh merging
[2019.11.08-22.30.20:851][  0]LogMeshReduction: No distributed automatic mesh merging module available
[2019.11.08-22.30.20:852][  0]LogMeshMerging: No distributed automatic mesh merging module available
[2019.11.08-22.30.21:004][  0]LogNetVersion: Evolvica_ThP 1.0.0, NetCL: 8386587, EngineNetVer: 11, GameNetVer: 0 (Checksum: 1680898839)
[2019.11.08-22.30.28:575][  0]LogMoviePlayer: Initializing movie player
[2019.11.08-22.30.29:455][  0]LogTcpMessaging: Initializing TcpMessaging bridge
[2019.11.08-22.30.29:514][  0]LogUdpMessaging: Initializing bridge on interface 0.0.0.0:0 to multicast group 230.0.0.1:6666.
[2019.11.08-22.30.29:623][  0]LogMaterial: Display: Missing cached shader map for material DefaultMaterial, compiling. 
[2019.11.08-22.30.30:374][  0]LogShaderCompilers: Display: Worker (1/3): shaders left to compile 190
[2019.11.08-22.30.30:374][  0]LogShaderCompilers: Display: Worker (2/3): shaders left to compile 180
[2019.11.08-22.30.30:374][  0]LogShaderCompilers: Display: Worker (3/3): shaders left to compile 170
[2019.11.08-22.30.30:374][  0]SourceControl: Source control is disabled
[2019.11.08-22.30.30:374][  0]SourceControl: Source control is disabled
[2019.11.08-22.30.30:417][  0]SourceControl: Source control is disabled
[2019.11.08-22.30.30:864][  0]LogVSAccessor: Display: Unable to create Visual Studio setup instance: 80040154
[2019.11.08-22.30.30:865][  0]LogVSAccessor: Display: Unable to create Visual Studio setup instance: 80040154
[2019.11.08-22.30.32:148][  0]LogAndroidPermission: UAndroidPermissionCallbackProxy::GetInstance
[2019.11.08-22.30.32:822][  0]LogMaterial: Display: Missing cached shader map for material M_VolumeRenderSphereTracePP, compiling. 
[2019.11.08-22.30.32:916][  0]LogOcInput: OculusInput pre-init called
[2019.11.08-22.30.32:995][  0]LogUObjectArray: 48866 objects as part of root set at end of initial load.
[2019.11.08-22.30.32:995][  0]LogUObjectAllocator: 8609784 out of 0 bytes used by permanent object pool.
[2019.11.08-22.30.32:995][  0]LogUObjectArray: CloseDisregardForGC: 0/0 objects in disregard for GC pool
[2019.11.08-22.30.33:326][  0]LogMaterial: Display: Missing cached shader map for material HighResScreenshot, compiling. 
[2019.11.08-22.30.33:372][  0]LogMaterial: Display: Missing cached shader map for material HighResScreenshotMask, compiling. 
[2019.11.08-22.30.33:401][  0]LogMaterial: Display: Missing cached shader map for material HighResScreenshotCaptureRegion, compiling. 
[2019.11.08-22.30.34:488][  0]LogEngine: Initializing Engine...
[2019.11.08-22.30.34:517][  0]LogHMD: Failed to initialize OpenVR with code 110
[2019.11.08-22.30.34:538][  0]LogStats: UGameplayTagsManager::InitializeManager -  0.002 s
[2019.11.08-22.30.34:578][  0]LogMaterial: Display: Missing cached shader map for material LevelColorationLitMaterial, compiling. Is special engine material.
[2019.11.08-22.30.35:231][  0]LogMaterial: Display: Missing cached shader map for material LevelColorationUnlitMaterial, compiling. Is special engine material.
[2019.11.08-22.30.35:314][  0]LogMaterial: Display: Missing cached shader map for material MAT_LevelColorationLitLightmapUV, compiling. Is special engine material.
[2019.11.08-22.30.35:935][  0]LogMaterial: Display: Missing cached shader map for material ShadedLevelColorationLitMaterial, compiling. Is special engine material.
[2019.11.08-22.30.36:817][  0]LogMaterial: Display: Missing cached shader map for material ShadedLevelColorationUnlitMateri, compiling. Is special engine material.
[2019.11.08-22.30.38:275][  0]LogMaterial: Display: Missing cached shader map for material VertexColorMaterial, compiling. 
[2019.11.08-22.30.38:708][  0]LogMaterial: Display: Missing cached shader map for material VertexColorViewMode_ColorOnly, compiling. 
[2019.11.08-22.30.38:782][  0]LogMaterial: Display: Missing cached shader map for material VertexColorViewMode_AlphaAsColor, compiling. 
[2019.11.08-22.30.38:826][  0]LogMaterial: Display: Missing cached shader map for material VertexColorViewMode_RedOnly, compiling. 
[2019.11.08-22.30.38:857][  0]LogMaterial: Display: Missing cached shader map for material VertexColorViewMode_GreenOnly, compiling. 
[2019.11.08-22.30.38:885][  0]LogMaterial: Display: Missing cached shader map for material VertexColorViewMode_BlueOnly, compiling. 
[2019.11.08-22.30.38:956][  0]LogMaterial: Display: Missing cached shader map for material RemoveSurfaceMaterial, compiling. 
[2019.11.08-22.30.38:977][  0]LogMaterial: Display: Missing cached shader map for material DebugMeshMaterial, compiling. 
[2019.11.08-22.30.39:016][  0]LogMaterial: Display: Missing cached shader map for material EmissiveMeshMaterial, compiling. 
[2019.11.08-22.30.39:057][  0]LogMaterial: Display: Missing cached shader map for material M_InvalidLightmapSettings, compiling. 
[2019.11.08-22.30.39:141][  0]LogMaterial: Display: Missing cached shader map for material GizmoMaterial, compiling. 
[2019.11.08-22.30.39:235][  0]LogMaterial: Display: Missing cached shader map for material PhAT_JointLimitMaterial, compiling. 
[2019.11.08-22.30.39:569][  0]LogInit: Initializing FReadOnlyCVARCache
[2019.11.08-22.30.39:641][  0]LogInit: XAudio2 using 'Громкоговоритель и наушники (Realtek High Definition Audio)' : 2 channels at 48 kHz using 32 bits per sample (channel mask 0x3)
[2019.11.08-22.30.39:718][  0]LogInit: FAudioDevice initialized.
[2019.11.08-22.30.39:739][  0]LogNetVersion: Set ProjectVersion to 1.0.0.0. Version Checksum will be recalculated on next use.
[2019.11.08-22.30.39:769][  0]LogInit: Texture streaming: Enabled
[2019.11.08-22.30.39:856][  0]LogMaterial: Display: Missing cached shader map for material BaseColor, compiling. 
[2019.11.08-22.30.39:911][  0]LogMaterial: Display: Missing cached shader map for material CustomDepth, compiling. 
[2019.11.08-22.30.40:426][  0]LogMaterial: Display: Missing cached shader map for material CustomStencil, compiling. 
[2019.11.08-22.30.40:443][  0]LogMaterial: Display: Missing cached shader map for material FinalImage, compiling. 
[2019.11.08-22.30.40:462][  0]LogMaterial: Display: Missing cached shader map for material LightingModel, compiling. 
[2019.11.08-22.30.40:480][  0]LogMaterial: Display: Missing cached shader map for material MaterialAO, compiling. 
[2019.11.08-22.30.40:507][  0]LogMaterial: Display: Missing cached shader map for material Metallic, compiling. 
[2019.11.08-22.30.40:527][  0]LogMaterial: Display: Missing cached shader map for material Opacity, compiling. 
[2019.11.08-22.30.40:546][  0]LogMaterial: Display: Missing cached shader map for material Roughness, compiling. 
[2019.11.08-22.30.40:565][  0]LogMaterial: Display: Missing cached shader map for material SceneColor, compiling. 
[2019.11.08-22.30.40:594][  0]LogMaterial: Display: Missing cached shader map for material SceneDepth, compiling. 
[2019.11.08-22.30.40:625][  0]LogMaterial: Display: Missing cached shader map for material SeparateTranslucencyRGB, compiling. 
[2019.11.08-22.30.40:672][  0]LogMaterial: Display: Missing cached shader map for material SeparateTranslucencyA, compiling. 
[2019.11.08-22.30.40:691][  0]LogMaterial: Display: Missing cached shader map for material Specular, compiling. 
[2019.11.08-22.30.40:710][  0]LogMaterial: Display: Missing cached shader map for material SubsurfaceColor, compiling. 
[2019.11.08-22.30.40:751][  0]LogMaterial: Display: Missing cached shader map for material WorldNormal, compiling. 
[2019.11.08-22.30.40:780][  0]LogMaterial: Display: Missing cached shader map for material AmbientOcclusion, compiling. 
[2019.11.08-22.30.40:817][  0]LogMaterial: Display: Missing cached shader map for material CustomDepthWorldUnits, compiling. 
[2019.11.08-22.30.40:833][  0]LogMaterial: Display: Missing cached shader map for material SceneDepthWorldUnits, compiling. 
[2019.11.08-22.30.40:854][  0]LogMaterial: Display: Missing cached shader map for material Velocity, compiling. 
[2019.11.08-22.30.40:875][  0]LogMaterial: Display: Missing cached shader map for material PreTonemapHDRColor, compiling. 
[2019.11.08-22.30.40:891][  0]LogMaterial: Display: Missing cached shader map for material PostTonemapHDRColor, compiling. 
[2019.11.08-22.30.41:274][  0]LogSlate: Updating window title bar state: overlay mode, drag disabled, window buttons hidden, title bar hidden
[2019.11.08-22.30.41:275][  0]LogInit: Display: Game Engine Initialized.
[2019.11.08-22.30.41:649][  0]LogMaterial: Display: Missing cached shader map for material OculusMR_WhiteMaterial, compiling. 
[2019.11.08-22.30.41:692][  0]LogMaterial: Display: Missing cached shader map for material OculusMR_ChromaKey, compiling. 
[2019.11.08-22.30.41:734][  0]LogMaterial: Display: Missing cached shader map for material OculusMR_ChromaKey_Lit, compiling. 
[2019.11.08-22.30.41:795][  0]LogMaterial: Display: Missing cached shader map for material OculusMR_OpaqueColoredMaterial, compiling. 
[2019.11.08-22.30.41:859][  0]LogInit: Display: Starting Game.
[2019.11.08-22.30.41:876][  0]LogNet: Browse: /Game/Maps/ThirdPersonExampleMap?Name=Player
[2019.11.08-22.30.41:877][  0]LogLoad: LoadMap: /Game/Maps/ThirdPersonExampleMap?Name=Player
[2019.11.08-22.30.41:877][  0]LogWorld: BeginTearingDown for /Temp/Untitled_0
[2019.11.08-22.30.41:880][  0]LogWorld: UWorld::CleanupWorld for Untitled, bSessionEnded=true, bCleanupResources=true
[2019.11.08-22.30.41:946][  0]LogUObjectHash: Compacting FUObjectHashTables data took   3.59ms
[2019.11.08-22.30.44:301][  0]LogShaderCompilers: Display: Worker (1/3): shaders left to compile 2807
[2019.11.08-22.30.44:301][  0]LogShaderCompilers: Display: Worker (3/3): shaders left to compile 2797
[2019.11.08-22.30.44:334][  0]LogMaterial: Display: Missing cached shader map for material CubeMaterial, compiling. 
[2019.11.08-22.30.44:403][  0]LogMaterial: Display: Missing cached shader map for material RampMaterial, compiling. 
[2019.11.08-22.30.44:472][  0]LogMaterial: Display: Missing cached shader map for material M_UE4Man_Body, compiling. 
[2019.11.08-22.30.44:568][  0]LogMaterial: Display: Missing cached shader map for material M_UE4Man_Body, compiling. 
[2019.11.08-22.30.44:869][  0]LogAIModule: Creating AISystem for world ThirdPersonExampleMap
[2019.11.08-22.30.44:870][  0]LogLoad: Game class is 'Evolvica_GM_C'
[2019.11.08-22.30.44:887][  0]LogWorld: Bringing World /Game/Maps/ThirdPersonExampleMap.ThirdPersonExampleMap up for play (max tick rate 0) at 2019.11.09-01.30.44
[2019.11.08-22.30.44:889][  0]LogWorld: Bringing up level for play took: 0.016230
[2019.11.08-22.30.45:123][  0]LogLoad: Took 3.245275 seconds to LoadMap(/Game/Maps/ThirdPersonExampleMap)
[2019.11.08-22.30.45:345][  0]LogRenderer: Reallocating scene render targets to support 1280x720 Format 10 NumSamples 1 (Frame:1).
[2019.11.08-22.30.45:345][  0]LogSlate: Took 0.132662 seconds to synchronously load lazily loaded font '../../../Engine/Content/Slate/Fonts/Roboto-Regular.ttf' (155K)
[2019.11.08-22.30.45:707][  0]LogLoad: (Engine Initialization) Total time: 54.14 seconds
[2019.11.08-22.30.45:708][  0]LogLoad: (Engine Initialization) Total Blueprint compile time: 0.00 seconds
[2019.11.08-22.30.45:886][  0]LogShaderCompilers: Display: Worker (2/3): shaders left to compile 3071
[2019.11.08-22.30.45:886][  0]LogContentStreaming: Texture pool size now 1000 MB
[2019.11.08-22.30.46:047][  1]LogSlate: Took 0.001333 seconds to synchronously load lazily loaded font '../../../Engine/Content/Slate/Fonts/Roboto-Regular.ttf' (155K)
[2019.11.08-22.30.46:565][  3]LogD3D11RHI: Timed out while waiting for GPU to catch up. (0.5 s) (ErrorCode 00000001)
[2019.11.08-22.30.51:567][  4]LogD3D11RHI: GetQueryData is taking a very long time (5.0 s)
[2019.11.08-22.30.56:173][  4]LogShaderCompilers: Display: Worker (1/3): shaders left to compile 3061
[2019.11.08-22.30.56:568][  4]LogD3D11RHI: GetQueryData is taking a very long time (10.0 s)
[2019.11.08-22.30.57:865][  4]LogShaderCompilers: Display: Worker (2/3): shaders left to compile 3051
[2019.11.08-22.31.01:567][  4]LogD3D11RHI: GetQueryData is taking a very long time (15.0 s)
[2019.11.08-22.31.04:710][ 12]LogShaderCompilers: Display: Worker (1/3): shaders left to compile 3041
[2019.11.08-22.31.04:733][ 12]LogShaderCompilers: Display: Worker (3/3): shaders left to compile 3031
[2019.11.08-22.31.12:756][ 88]LogShaderCompilers: Display: Worker (1/3): shaders left to compile 3021
[2019.11.08-22.31.12:851][ 90]LogShaderCompilers: Display: Worker (2/3): shaders left to compile 3011
[2019.11.08-22.31.14:738][106]LogShaderCompilers: Display: Worker (3/3): shaders left to compile 3001
[2019.11.08-22.31.26:369][220]LogShaderCompilers: Display: Worker (2/3): shaders left to compile 2991
[2019.11.08-22.31.28:008][234]LogShaderCompilers: Display: Worker (3/3): shaders left to compile 2981
[2019.11.08-22.31.31:109][266]LogShaderCompilers: Display: Worker (1/3): shaders left to compile 2971
[2019.11.08-22.31.42:370][378]LogShaderCompilers: Display: Worker (3/3): shaders left to compile 2961
[2019.11.08-22.31.43:970][394]LogShaderCompilers: Display: Worker (1/3): shaders left to compile 2951
[2019.11.08-22.31.51:026][430]LogShaderCompilers: Display: Worker (2/3): shaders left to compile 2941
[2019.11.08-22.31.52:182][441]LogShaderCompilers: Display: Worker (3/3): shaders left to compile 2931
[2019.11.08-22.31.54:125][459]LogShaderCompilers: Display: Worker (1/3): shaders left to compile 2921
[2019.11.08-22.31.59:209][509]LogShaderCompilers: Display: Worker (1/3): shaders left to compile 2911
[2019.11.08-22.32.03:060][548]LogShaderCompilers: Display: Worker (2/3): shaders left to compile 2901
[2019.11.08-22.32.05:099][568]LogShaderCompilers: Display: Worker (1/3): shaders left to compile 2891
[2019.11.08-22.32.11:820][636]LogShaderCompilers: Display: Worker (2/3): shaders left to compile 2881
[2019.11.08-22.32.16:099][679]LogShaderCompilers: Display: Worker (1/3): shaders left to compile 2871
[2019.11.08-22.32.18:391][703]LogShaderCompilers: Display: Worker (3/3): shaders left to compile 2861
[2019.11.08-22.32.23:062][751]LogShaderCompilers: Display: Worker (2/3): shaders left to compile 2851
[2019.11.08-22.32.25:786][780]LogShaderCompilers: Display: Worker (1/3): shaders left to compile 2841
[2019.11.08-22.32.27:722][797]LogShaderCompilers: Display: Worker (3/3): shaders left to compile 2831
[2019.11.08-22.32.35:894][880]LogShaderCompilers: Display: Worker (2/3): shaders left to compile 2821
[2019.11.08-22.32.37:648][896]LogShaderCompilers: Display: Worker (1/3): shaders left to compile 2811
[2019.11.08-22.32.38:683][908]LogShaderCompilers: Display: Worker (3/3): shaders left to compile 2801
[2019.11.08-22.32.46:061][ 22]LogShaderCompilers: Display: Worker (2/3): shaders left to compile 2791
[2019.11.08-22.32.49:882][ 42]LogWindowsTextInputMethodSystem: Display: IME system now deactivated.
[2019.11.08-22.32.49:882][ 42]LogWindowsTextInputMethodSystem: Display: IME system now deactivated.
[2019.11.08-22.32.49:888][ 42]LogShaderCompilers: Display: Worker (1/3): shaders left to compile 2781
[2019.11.08-22.32.50:435][ 55]LogShaderCompilers: Display: Worker (3/3): shaders left to compile 2771
[2019.11.08-22.32.53:157][114]LogShaderCompilers: Display: Worker (2/3): shaders left to compile 2761
[2019.11.08-22.32.54:682][147]LogShaderCompilers: Display: Worker (1/3): shaders left to compile 2751
[2019.11.08-22.32.56:281][183]LogShaderCompilers: Display: Worker (3/3): shaders left to compile 2741
[2019.11.08-22.32.59:231][262]LogShaderCompilers: Display: Worker (2/3): shaders left to compile 2731
[2019.11.08-22.32.59:841][281]LogShaderCompilers: Display: Worker (1/3): shaders left to compile 2721
[2019.11.08-22.33.00:850][313]LogShaderCompilers: Display: Worker (3/3): shaders left to compile 2711
[2019.11.08-22.33.03:318][407]LogSlate: Window 'Evolvica_ThP (64-bit Development PCD3D_ES2) ' being destroyed
[2019.11.08-22.33.03:319][407]LogWindowsTextInputMethodSystem: Display: IME system now deactivated.
[2019.11.08-22.33.03:330][407]LogSlate: Updating window title bar state: overlay mode, drag disabled, window buttons hidden, title bar hidden
[2019.11.08-22.33.03:330][407]LogEngine: All Windows Closed
[2019.11.08-22.33.03:330][407]LogWindows: FPlatformMisc::RequestExit(0)
[2019.11.08-22.33.03:593][408]LogWorld: BeginTearingDown for /Game/Maps/ThirdPersonExampleMap
[2019.11.08-22.33.03:597][408]LogWorld: UWorld::CleanupWorld for ThirdPersonExampleMap, bSessionEnded=true, bCleanupResources=true
[2019.11.08-22.33.03:738][408]LogExit: Preparing to exit.
[2019.11.08-22.33.03:762][408]LogMoviePlayer: Shutting down movie player
[2019.11.08-22.33.05:035][408]LogSlate: Updating window title bar state: overlay mode, drag disabled, window buttons hidden, title bar hidden
[2019.11.08-22.33.05:120][408]LogDemo: Cleaned up 0 splitscreen connections with owner deletion
[2019.11.08-22.33.05:212][408]LogExit: Game engine shut down
[2019.11.08-22.33.06:633][408]LogShaderCompilers: Display: Worker (2/3): shaders left to compile 2701
[2019.11.08-22.33.06:633][408]LogExit: Object subsystem successfully closed.
[2019.11.08-22.33.06:900][408]LogShaderCompilers: Display: Shaders left to compile 0
